<?xml version="1.0" encoding="UTF-8"?>
<!-- Generated by org.testng.reporters.JUnitXMLReporter -->
<testsuite ignored="0" hostname="DESKTOP-NLM9CQ8" failures="1" tests="2" name="Test" time="4.769" errors="0" timestamp="2023-05-07T23:12:55 IST">
  <testcase classname="api.test.StoreTests" name="testPostStoreOrder" time="2.813"/>
  <testcase classname="api.test.StoreTests" name="testGetStoreOrder" time="1.876">
    <failure type="java.lang.AssertionError" message="expected [true] but found [false]">
      <![CDATA[java.lang.AssertionError: expected [true] but found [false]
at api.test.StoreTests.testGetStoreOrder(StoreTests.java:105)
at java.base/java.util.ArrayList.forEach(ArrayList.java:1511)
... Removed 32 stack frames]]>
    </failure>
  </testcase> <!-- testGetStoreOrder -->
</testsuite> <!-- Test -->
