<?xml version="1.0" encoding="UTF-8"?>
<!-- Generated by org.testng.reporters.JUnitXMLReporter -->
<testsuite ignored="1" hostname="DESKTOP-NLM9CQ8" failures="0" tests="1" name="Default test" time="2.606" errors="0" timestamp="2023-05-07T23:01:31 IST">
  <testcase classname="api.test.StoreTests" name="testPostStoreOrder" time="2.542"/>
  <testcase classname="api.test.StoreTests" name="testGetStoreOrder" time="0.0">
    <ignored/>
  </testcase> <!-- testGetStoreOrder -->
</testsuite> <!-- Default test -->
